{"/home/lucas/Workspace/ongarium-rails/app/assets/javascripts/validation.js":{"path":"/home/lucas/Workspace/ongarium-rails/app/assets/javascripts/validation.js","s":{"1":1,"2":1,"3":0,"4":0,"5":0,"6":0,"7":0,"8":0,"9":0,"10":1,"11":0,"12":1,"13":0,"14":0,"15":0,"16":0,"17":0,"18":0,"19":0,"20":0,"21":0,"22":0,"23":0,"24":0,"25":0,"26":0,"27":0,"28":0,"29":1,"30":0,"31":1,"32":0,"33":0,"34":0,"35":0,"36":0,"37":0,"38":0,"39":0,"40":0,"41":1,"42":0,"43":1,"44":0,"45":0,"46":0,"47":0,"48":0,"49":0,"50":0,"51":0,"52":0,"53":1,"54":0,"55":0,"56":0,"57":0,"58":0,"59":0,"60":0,"61":0,"62":0,"63":1,"64":0,"65":0,"66":0,"67":0,"68":0,"69":0,"70":0,"71":0,"72":0,"73":1,"74":0,"75":0,"76":1,"77":0,"78":0,"79":0,"80":0,"81":0,"82":0,"83":0,"84":0,"85":1,"86":0,"87":0,"88":0,"89":0,"90":0,"91":0,"92":0,"93":0,"94":0,"95":1,"96":0,"97":0,"98":0},"b":{"1":[1,1],"2":[0,0],"3":[0,0],"4":[0,0],"5":[0,0],"6":[0,0],"7":[0,0],"8":[0,0],"9":[0,0],"10":[0,0],"11":[0,0]},"f":{"1":0,"2":0,"3":0,"4":0,"5":0,"6":0,"7":0,"8":0,"9":0,"10":0,"11":0,"12":0,"13":0,"14":0,"15":0,"16":0,"17":0,"18":0,"19":0,"20":0,"21":0},"fnMap":{"1":{"name":"validateEmpty","line":3,"loc":{"start":{"line":3,"column":27},"end":{"line":3,"column":57}}},"2":{"name":"validateName","line":15,"loc":{"start":{"line":15,"column":26},"end":{"line":15,"column":50}}},"3":{"name":"eventsValidate","line":19,"loc":{"start":{"line":19,"column":28},"end":{"line":19,"column":53}}},"4":{"name":"(anonymous_4)","line":20,"loc":{"start":{"line":20,"column":31},"end":{"line":20,"column":41}}},"5":{"name":"(anonymous_5)","line":23,"loc":{"start":{"line":23,"column":38},"end":{"line":23,"column":48}}},"6":{"name":"(anonymous_6)","line":26,"loc":{"start":{"line":26,"column":32},"end":{"line":26,"column":42}}},"7":{"name":"(anonymous_7)","line":29,"loc":{"start":{"line":29,"column":35},"end":{"line":29,"column":45}}},"8":{"name":"(anonymous_8)","line":32,"loc":{"start":{"line":32,"column":50},"end":{"line":32,"column":60}}},"9":{"name":"(anonymous_9)","line":35,"loc":{"start":{"line":35,"column":32},"end":{"line":35,"column":42}}},"10":{"name":"(anonymous_10)","line":38,"loc":{"start":{"line":38,"column":34},"end":{"line":38,"column":44}}},"11":{"name":"(anonymous_11)","line":41,"loc":{"start":{"line":41,"column":34},"end":{"line":41,"column":44}}},"12":{"name":"validateDescription","line":46,"loc":{"start":{"line":46,"column":33},"end":{"line":46,"column":64}}},"13":{"name":"validateVacancies","line":50,"loc":{"start":{"line":50,"column":31},"end":{"line":50,"column":60}}},"14":{"name":"validatePassword","line":65,"loc":{"start":{"line":65,"column":30},"end":{"line":65,"column":58}}},"15":{"name":"validatePasswordConfirmation","line":69,"loc":{"start":{"line":69,"column":42},"end":{"line":69,"column":82}}},"16":{"name":"validateEmail","line":83,"loc":{"start":{"line":83,"column":27},"end":{"line":83,"column":52}}},"17":{"name":"validatePhone","line":97,"loc":{"start":{"line":97,"column":27},"end":{"line":97,"column":52}}},"18":{"name":"validateForm","line":111,"loc":{"start":{"line":111,"column":35},"end":{"line":111,"column":59}}},"19":{"name":"validateDate","line":116,"loc":{"start":{"line":116,"column":26},"end":{"line":116,"column":50}}},"20":{"name":"validateZipCode","line":129,"loc":{"start":{"line":129,"column":29},"end":{"line":129,"column":56}}},"21":{"name":"buttonState","line":144,"loc":{"start":{"line":144,"column":25},"end":{"line":144,"column":48}}}},"statementMap":{"1":{"start":{"line":1,"column":0},"end":{"line":1,"column":33}},"2":{"start":{"line":3,"column":0},"end":{"line":13,"column":2}},"3":{"start":{"line":4,"column":2},"end":{"line":11,"column":3}},"4":{"start":{"line":5,"column":4},"end":{"line":5,"column":42}},"5":{"start":{"line":6,"column":4},"end":{"line":6,"column":49}},"6":{"start":{"line":8,"column":4},"end":{"line":8,"column":18}},"7":{"start":{"line":9,"column":4},"end":{"line":9,"column":39}},"8":{"start":{"line":10,"column":4},"end":{"line":10,"column":49}},"9":{"start":{"line":12,"column":4},"end":{"line":12,"column":29}},"10":{"start":{"line":15,"column":0},"end":{"line":17,"column":2}},"11":{"start":{"line":16,"column":4},"end":{"line":16,"column":62}},"12":{"start":{"line":19,"column":0},"end":{"line":44,"column":1}},"13":{"start":{"line":20,"column":2},"end":{"line":22,"column":5}},"14":{"start":{"line":21,"column":4},"end":{"line":21,"column":30}},"15":{"start":{"line":23,"column":2},"end":{"line":25,"column":5}},"16":{"start":{"line":24,"column":4},"end":{"line":24,"column":37}},"17":{"start":{"line":26,"column":2},"end":{"line":28,"column":5}},"18":{"start":{"line":27,"column":4},"end":{"line":27,"column":31}},"19":{"start":{"line":29,"column":2},"end":{"line":31,"column":5}},"20":{"start":{"line":30,"column":4},"end":{"line":30,"column":34}},"21":{"start":{"line":32,"column":2},"end":{"line":34,"column":5}},"22":{"start":{"line":33,"column":4},"end":{"line":33,"column":46}},"23":{"start":{"line":35,"column":2},"end":{"line":37,"column":5}},"24":{"start":{"line":36,"column":4},"end":{"line":36,"column":31}},"25":{"start":{"line":38,"column":2},"end":{"line":40,"column":5}},"26":{"start":{"line":39,"column":4},"end":{"line":39,"column":33}},"27":{"start":{"line":41,"column":2},"end":{"line":43,"column":5}},"28":{"start":{"line":42,"column":4},"end":{"line":42,"column":35}},"29":{"start":{"line":46,"column":0},"end":{"line":48,"column":2}},"30":{"start":{"line":47,"column":4},"end":{"line":47,"column":64}},"31":{"start":{"line":50,"column":0},"end":{"line":63,"column":2}},"32":{"start":{"line":51,"column":2},"end":{"line":51,"column":39}},"33":{"start":{"line":52,"column":2},"end":{"line":52,"column":52}},"34":{"start":{"line":53,"column":2},"end":{"line":61,"column":3}},"35":{"start":{"line":54,"column":4},"end":{"line":54,"column":46}},"36":{"start":{"line":55,"column":4},"end":{"line":55,"column":41}},"37":{"start":{"line":58,"column":4},"end":{"line":58,"column":22}},"38":{"start":{"line":59,"column":4},"end":{"line":59,"column":43}},"39":{"start":{"line":60,"column":4},"end":{"line":60,"column":41}},"40":{"start":{"line":62,"column":2},"end":{"line":62,"column":27}},"41":{"start":{"line":65,"column":0},"end":{"line":67,"column":2}},"42":{"start":{"line":66,"column":4},"end":{"line":66,"column":61}},"43":{"start":{"line":69,"column":0},"end":{"line":81,"column":1}},"44":{"start":{"line":70,"column":4},"end":{"line":70,"column":39}},"45":{"start":{"line":71,"column":4},"end":{"line":71,"column":69}},"46":{"start":{"line":72,"column":6},"end":{"line":79,"column":7}},"47":{"start":{"line":73,"column":8},"end":{"line":73,"column":61}},"48":{"start":{"line":74,"column":8},"end":{"line":74,"column":51}},"49":{"start":{"line":76,"column":8},"end":{"line":76,"column":37}},"50":{"start":{"line":77,"column":8},"end":{"line":77,"column":58}},"51":{"start":{"line":78,"column":8},"end":{"line":78,"column":51}},"52":{"start":{"line":80,"column":8},"end":{"line":80,"column":33}},"53":{"start":{"line":83,"column":0},"end":{"line":95,"column":1}},"54":{"start":{"line":84,"column":2},"end":{"line":84,"column":31}},"55":{"start":{"line":85,"column":2},"end":{"line":85,"column":67}},"56":{"start":{"line":86,"column":4},"end":{"line":93,"column":5}},"57":{"start":{"line":87,"column":6},"end":{"line":87,"column":44}},"58":{"start":{"line":88,"column":6},"end":{"line":88,"column":39}},"59":{"start":{"line":90,"column":6},"end":{"line":90,"column":20}},"60":{"start":{"line":91,"column":6},"end":{"line":91,"column":41}},"61":{"start":{"line":92,"column":6},"end":{"line":92,"column":39}},"62":{"start":{"line":94,"column":6},"end":{"line":94,"column":31}},"63":{"start":{"line":97,"column":0},"end":{"line":109,"column":1}},"64":{"start":{"line":98,"column":2},"end":{"line":98,"column":31}},"65":{"start":{"line":99,"column":2},"end":{"line":99,"column":78}},"66":{"start":{"line":100,"column":4},"end":{"line":107,"column":5}},"67":{"start":{"line":101,"column":6},"end":{"line":101,"column":44}},"68":{"start":{"line":102,"column":6},"end":{"line":102,"column":39}},"69":{"start":{"line":104,"column":6},"end":{"line":104,"column":20}},"70":{"start":{"line":105,"column":6},"end":{"line":105,"column":41}},"71":{"start":{"line":106,"column":6},"end":{"line":106,"column":39}},"72":{"start":{"line":108,"column":4},"end":{"line":108,"column":29}},"73":{"start":{"line":111,"column":0},"end":{"line":114,"column":1}},"74":{"start":{"line":112,"column":4},"end":{"line":112,"column":53}},"75":{"start":{"line":113,"column":4},"end":{"line":113,"column":47}},"76":{"start":{"line":116,"column":0},"end":{"line":127,"column":2}},"77":{"start":{"line":117,"column":2},"end":{"line":117,"column":206}},"78":{"start":{"line":118,"column":2},"end":{"line":118,"column":210}},"79":{"start":{"line":119,"column":2},"end":{"line":125,"column":3}},"80":{"start":{"line":120,"column":4},"end":{"line":120,"column":64}},"81":{"start":{"line":121,"column":4},"end":{"line":121,"column":42}},"82":{"start":{"line":123,"column":6},"end":{"line":123,"column":69}},"83":{"start":{"line":124,"column":5},"end":{"line":124,"column":43}},"84":{"start":{"line":126,"column":2},"end":{"line":126,"column":27}},"85":{"start":{"line":129,"column":0},"end":{"line":142,"column":2}},"86":{"start":{"line":130,"column":2},"end":{"line":130,"column":35}},"87":{"start":{"line":131,"column":2},"end":{"line":140,"column":3}},"88":{"start":{"line":132,"column":4},"end":{"line":139,"column":5}},"89":{"start":{"line":133,"column":6},"end":{"line":133,"column":22}},"90":{"start":{"line":134,"column":6},"end":{"line":134,"column":43}},"91":{"start":{"line":135,"column":6},"end":{"line":135,"column":41}},"92":{"start":{"line":137,"column":6},"end":{"line":137,"column":46}},"93":{"start":{"line":138,"column":6},"end":{"line":138,"column":41}},"94":{"start":{"line":141,"column":2},"end":{"line":141,"column":27}},"95":{"start":{"line":144,"column":0},"end":{"line":150,"column":1}},"96":{"start":{"line":145,"column":2},"end":{"line":149,"column":3}},"97":{"start":{"line":146,"column":4},"end":{"line":146,"column":54}},"98":{"start":{"line":148,"column":3},"end":{"line":148,"column":52}}},"branchMap":{"1":{"line":1,"type":"binary-expr","locations":[{"start":{"line":1,"column":17},"end":{"line":1,"column":27}},{"start":{"line":1,"column":31},"end":{"line":1,"column":33}}]},"2":{"line":4,"type":"if","locations":[{"start":{"line":4,"column":2},"end":{"line":4,"column":2}},{"start":{"line":4,"column":2},"end":{"line":4,"column":2}}]},"3":{"line":53,"type":"if","locations":[{"start":{"line":53,"column":2},"end":{"line":53,"column":2}},{"start":{"line":53,"column":2},"end":{"line":53,"column":2}}]},"4":{"line":53,"type":"binary-expr","locations":[{"start":{"line":53,"column":6},"end":{"line":53,"column":25}},{"start":{"line":53,"column":29},"end":{"line":53,"column":51}}]},"5":{"line":72,"type":"if","locations":[{"start":{"line":72,"column":6},"end":{"line":72,"column":6}},{"start":{"line":72,"column":6},"end":{"line":72,"column":6}}]},"6":{"line":86,"type":"if","locations":[{"start":{"line":86,"column":4},"end":{"line":86,"column":4}},{"start":{"line":86,"column":4},"end":{"line":86,"column":4}}]},"7":{"line":100,"type":"if","locations":[{"start":{"line":100,"column":4},"end":{"line":100,"column":4}},{"start":{"line":100,"column":4},"end":{"line":100,"column":4}}]},"8":{"line":119,"type":"if","locations":[{"start":{"line":119,"column":2},"end":{"line":119,"column":2}},{"start":{"line":119,"column":2},"end":{"line":119,"column":2}}]},"9":{"line":131,"type":"if","locations":[{"start":{"line":131,"column":2},"end":{"line":131,"column":2}},{"start":{"line":131,"column":2},"end":{"line":131,"column":2}}]},"10":{"line":132,"type":"if","locations":[{"start":{"line":132,"column":4},"end":{"line":132,"column":4}},{"start":{"line":132,"column":4},"end":{"line":132,"column":4}}]},"11":{"line":145,"type":"if","locations":[{"start":{"line":145,"column":2},"end":{"line":145,"column":2}},{"start":{"line":145,"column":2},"end":{"line":145,"column":2}}]}}}}