TN:
SF:/home/lucas/Workspace/ongarium-rails/app/assets/javascripts/validation.js
FN:3,validateEmpty
FN:15,validateName
FN:19,eventsValidate
FN:20,(anonymous_4)
FN:23,(anonymous_5)
FN:26,(anonymous_6)
FN:29,(anonymous_7)
FN:32,(anonymous_8)
FN:35,(anonymous_9)
FN:38,(anonymous_10)
FN:41,(anonymous_11)
FN:46,validateDescription
FN:50,validateVacancies
FN:65,validatePassword
FN:69,validatePasswordConfirmation
FN:83,validateEmail
FN:97,validatePhone
FN:111,validateForm
FN:116,validateDate
FN:129,validateZipCode
FN:144,buttonState
FNF:21
FNH:0
FNDA:0,validateEmpty
FNDA:0,validateName
FNDA:0,eventsValidate
FNDA:0,(anonymous_4)
FNDA:0,(anonymous_5)
FNDA:0,(anonymous_6)
FNDA:0,(anonymous_7)
FNDA:0,(anonymous_8)
FNDA:0,(anonymous_9)
FNDA:0,(anonymous_10)
FNDA:0,(anonymous_11)
FNDA:0,validateDescription
FNDA:0,validateVacancies
FNDA:0,validatePassword
FNDA:0,validatePasswordConfirmation
FNDA:0,validateEmail
FNDA:0,validatePhone
FNDA:0,validateForm
FNDA:0,validateDate
FNDA:0,validateZipCode
FNDA:0,buttonState
DA:1,1
DA:3,1
DA:4,0
DA:5,0
DA:6,0
DA:8,0
DA:9,0
DA:10,0
DA:12,0
DA:15,1
DA:16,0
DA:19,1
DA:20,0
DA:21,0
DA:23,0
DA:24,0
DA:26,0
DA:27,0
DA:29,0
DA:30,0
DA:32,0
DA:33,0
DA:35,0
DA:36,0
DA:38,0
DA:39,0
DA:41,0
DA:42,0
DA:46,1
DA:47,0
DA:50,1
DA:51,0
DA:52,0
DA:53,0
DA:54,0
DA:55,0
DA:58,0
DA:59,0
DA:60,0
DA:62,0
DA:65,1
DA:66,0
DA:69,1
DA:70,0
DA:71,0
DA:72,0
DA:73,0
DA:74,0
DA:76,0
DA:77,0
DA:78,0
DA:80,0
DA:83,1
DA:84,0
DA:85,0
DA:86,0
DA:87,0
DA:88,0
DA:90,0
DA:91,0
DA:92,0
DA:94,0
DA:97,1
DA:98,0
DA:99,0
DA:100,0
DA:101,0
DA:102,0
DA:104,0
DA:105,0
DA:106,0
DA:108,0
DA:111,1
DA:112,0
DA:113,0
DA:116,1
DA:117,0
DA:118,0
DA:119,0
DA:120,0
DA:121,0
DA:123,0
DA:124,0
DA:126,0
DA:129,1
DA:130,0
DA:131,0
DA:132,0
DA:133,0
DA:134,0
DA:135,0
DA:137,0
DA:138,0
DA:141,0
DA:144,1
DA:145,0
DA:146,0
DA:148,0
LF:98
LH:14
BRDA:1,1,0,1
BRDA:1,1,1,1
BRDA:4,2,0,0
BRDA:4,2,1,0
BRDA:53,3,0,0
BRDA:53,3,1,0
BRDA:53,4,0,0
BRDA:53,4,1,0
BRDA:72,5,0,0
BRDA:72,5,1,0
BRDA:86,6,0,0
BRDA:86,6,1,0
BRDA:100,7,0,0
BRDA:100,7,1,0
BRDA:119,8,0,0
BRDA:119,8,1,0
BRDA:131,9,0,0
BRDA:131,9,1,0
BRDA:132,10,0,0
BRDA:132,10,1,0
BRDA:145,11,0,0
BRDA:145,11,1,0
BRF:22
BRH:2
end_of_record
